<?xml version="1.0" encoding="UTF-8"?>
<!-- Generated by org.testng.reporters.JUnitReportReporter -->
<testsuite hostname="suryateja" failures="0" tests="1" name="testCases.TC_001_AccountRegistrationTest" time="6.008" errors="0" timestamp="2025-08-01T13:45:52 CDT" skipped="0">
  <testcase classname="testCases.TC_001_AccountRegistrationTest" name="test_account_Registration" time="6.008"/>
</testsuite> <!-- testCases.TC_001_AccountRegistrationTest -->
